Loaded your LOCAL configuration at [/Users/stephocay/projects/hispuganda/superset/superset_config.py]
2025-12-03 13:55:34,635:INFO:alembic.runtime.migration:Context impl SQLiteImpl.
2025-12-03 13:55:34,635:INFO:alembic.runtime.migration:Will assume non-transactional DDL.
2025-12-03 13:55:34,711:INFO:superset.app:Pending database migrations: run 'superset db upgrade'
WARNI [alembic.env] SQLite Database support for metadata databases will         be removed in a future version of Superset.
INFO  [alembic.env] Starting the migration scripts.
INFO  [alembic.runtime.migration] Context impl SQLiteImpl.
INFO  [alembic.runtime.migration] Will assume transactional DDL.
INFO  [alembic.runtime.migration] Running upgrade f80f89fd0494 -> 84b3de3686f2, add_is_public_entry_to_dashboards
Traceback (most recent call last):
  File "/Users/stephocay/projects/hispuganda/superset/.venv/lib/python3.11/site-packages/sqlalchemy/engine/base.py", line 1910, in _execute_context
    self.dialect.do_execute(
  File "/Users/stephocay/projects/hispuganda/superset/.venv/lib/python3.11/site-packages/sqlalchemy/engine/default.py", line 736, in do_execute
    cursor.execute(statement, parameters)
sqlite3.OperationalError: duplicate column name: is_public_entry

The above exception was the direct cause of the following exception:

Traceback (most recent call last):
  File "/Users/stephocay/projects/hispuganda/superset/.venv/bin/superset", line 7, in <module>
    sys.exit(superset())
             ^^^^^^^^^^
  File "/Users/stephocay/projects/hispuganda/superset/.venv/lib/python3.11/site-packages/click/core.py", line 1442, in __call__
    return self.main(*args, **kwargs)
           ^^^^^^^^^^^^^^^^^^^^^^^^^^
  File "/Users/stephocay/projects/hispuganda/superset/.venv/lib/python3.11/site-packages/click/core.py", line 1363, in main
    rv = self.invoke(ctx)
         ^^^^^^^^^^^^^^^^
  File "/Users/stephocay/projects/hispuganda/superset/.venv/lib/python3.11/site-packages/click/core.py", line 1830, in invoke
    return _process_result(sub_ctx.command.invoke(sub_ctx))
                           ^^^^^^^^^^^^^^^^^^^^^^^^^^^^^^^
  File "/Users/stephocay/projects/hispuganda/superset/.venv/lib/python3.11/site-packages/click/core.py", line 1830, in invoke
    return _process_result(sub_ctx.command.invoke(sub_ctx))
                           ^^^^^^^^^^^^^^^^^^^^^^^^^^^^^^^
  File "/Users/stephocay/projects/hispuganda/superset/.venv/lib/python3.11/site-packages/click/core.py", line 1226, in invoke
    return ctx.invoke(self.callback, **ctx.params)
           ^^^^^^^^^^^^^^^^^^^^^^^^^^^^^^^^^^^^^^^
  File "/Users/stephocay/projects/hispuganda/superset/.venv/lib/python3.11/site-packages/click/core.py", line 794, in invoke
    return callback(*args, **kwargs)
           ^^^^^^^^^^^^^^^^^^^^^^^^^
  File "/Users/stephocay/projects/hispuganda/superset/.venv/lib/python3.11/site-packages/click/decorators.py", line 34, in new_func
    return f(get_current_context(), *args, **kwargs)
           ^^^^^^^^^^^^^^^^^^^^^^^^^^^^^^^^^^^^^^^^^
  File "/Users/stephocay/projects/hispuganda/superset/.venv/lib/python3.11/site-packages/flask/cli.py", line 358, in decorator
    return __ctx.invoke(f, *args, **kwargs)
           ^^^^^^^^^^^^^^^^^^^^^^^^^^^^^^^^
  File "/Users/stephocay/projects/hispuganda/superset/.venv/lib/python3.11/site-packages/click/core.py", line 794, in invoke
    return callback(*args, **kwargs)
           ^^^^^^^^^^^^^^^^^^^^^^^^^
  File "/Users/stephocay/projects/hispuganda/superset/.venv/lib/python3.11/site-packages/flask_migrate/cli.py", line 149, in upgrade
    _upgrade(directory, revision, sql, tag, x_arg)
  File "/Users/stephocay/projects/hispuganda/superset/.venv/lib/python3.11/site-packages/flask_migrate/__init__.py", line 98, in wrapped
    f(*args, **kwargs)
  File "/Users/stephocay/projects/hispuganda/superset/.venv/lib/python3.11/site-packages/flask_migrate/__init__.py", line 185, in upgrade
    command.upgrade(config, revision, sql=sql, tag=tag)
  File "/Users/stephocay/projects/hispuganda/superset/.venv/lib/python3.11/site-packages/alembic/command.py", line 408, in upgrade
    script.run_env()
  File "/Users/stephocay/projects/hispuganda/superset/.venv/lib/python3.11/site-packages/alembic/script/base.py", line 586, in run_env
    util.load_python_file(self.dir, "env.py")
  File "/Users/stephocay/projects/hispuganda/superset/.venv/lib/python3.11/site-packages/alembic/util/pyfiles.py", line 95, in load_python_file
    module = load_module_py(module_id, path)
             ^^^^^^^^^^^^^^^^^^^^^^^^^^^^^^^
  File "/Users/stephocay/projects/hispuganda/superset/.venv/lib/python3.11/site-packages/alembic/util/pyfiles.py", line 113, in load_module_py
    spec.loader.exec_module(module)  # type: ignore
    ^^^^^^^^^^^^^^^^^^^^^^^^^^^^^^^
  File "<frozen importlib._bootstrap_external>", line 940, in exec_module
  File "<frozen importlib._bootstrap>", line 241, in _call_with_frames_removed
  File "/Users/stephocay/projects/hispuganda/superset/superset/extensions/../migrations/env.py", line 142, in <module>
    run_migrations_online()
  File "/Users/stephocay/projects/hispuganda/superset/superset/extensions/../migrations/env.py", line 133, in run_migrations_online
    context.run_migrations()
  File "<string>", line 8, in run_migrations
  File "/Users/stephocay/projects/hispuganda/superset/.venv/lib/python3.11/site-packages/alembic/runtime/environment.py", line 946, in run_migrations
    self.get_context().run_migrations(**kw)
  File "/Users/stephocay/projects/hispuganda/superset/.venv/lib/python3.11/site-packages/alembic/runtime/migration.py", line 623, in run_migrations
    step.migration_fn(**kw)
  File "/Users/stephocay/projects/hispuganda/superset/superset/migrations/versions/2025-11-20_12-39_84b3de3686f2_add_is_public_entry_to_dashboards.py", line 35, in upgrade
    op.add_column('dashboards', sa.Column('is_public_entry', sa.Boolean(), nullable=True))
  File "<string>", line 8, in add_column
  File "<string>", line 3, in add_column
  File "/Users/stephocay/projects/hispuganda/superset/.venv/lib/python3.11/site-packages/alembic/operations/ops.py", line 2157, in add_column
    return operations.invoke(op)
           ^^^^^^^^^^^^^^^^^^^^^
  File "/Users/stephocay/projects/hispuganda/superset/.venv/lib/python3.11/site-packages/alembic/operations/base.py", line 441, in invoke
    return fn(self, operation)
           ^^^^^^^^^^^^^^^^^^^
  File "/Users/stephocay/projects/hispuganda/superset/.venv/lib/python3.11/site-packages/alembic/operations/toimpl.py", line 170, in add_column
    operations.impl.add_column(table_name, column, schema=schema, **kw)
  File "/Users/stephocay/projects/hispuganda/superset/.venv/lib/python3.11/site-packages/alembic/ddl/impl.py", line 373, in add_column
    self._exec(base.AddColumn(table_name, column, schema=schema))
  File "/Users/stephocay/projects/hispuganda/superset/.venv/lib/python3.11/site-packages/alembic/ddl/impl.py", line 246, in _exec
    return conn.execute(construct, params)
           ^^^^^^^^^^^^^^^^^^^^^^^^^^^^^^^
  File "/Users/stephocay/projects/hispuganda/superset/.venv/lib/python3.11/site-packages/sqlalchemy/engine/base.py", line 1385, in execute
    return meth(self, multiparams, params, _EMPTY_EXECUTION_OPTS)
           ^^^^^^^^^^^^^^^^^^^^^^^^^^^^^^^^^^^^^^^^^^^^^^^^^^^^^^
  File "/Users/stephocay/projects/hispuganda/superset/.venv/lib/python3.11/site-packages/sqlalchemy/sql/ddl.py", line 80, in _execute_on_connection
    return connection._execute_ddl(
           ^^^^^^^^^^^^^^^^^^^^^^^^
  File "/Users/stephocay/projects/hispuganda/superset/.venv/lib/python3.11/site-packages/sqlalchemy/engine/base.py", line 1477, in _execute_ddl
    ret = self._execute_context(
          ^^^^^^^^^^^^^^^^^^^^^^
  File "/Users/stephocay/projects/hispuganda/superset/.venv/lib/python3.11/site-packages/sqlalchemy/engine/base.py", line 1953, in _execute_context
    self._handle_dbapi_exception(
  File "/Users/stephocay/projects/hispuganda/superset/.venv/lib/python3.11/site-packages/sqlalchemy/engine/base.py", line 2134, in _handle_dbapi_exception
    util.raise_(
  File "/Users/stephocay/projects/hispuganda/superset/.venv/lib/python3.11/site-packages/sqlalchemy/util/compat.py", line 211, in raise_
    raise exception
  File "/Users/stephocay/projects/hispuganda/superset/.venv/lib/python3.11/site-packages/sqlalchemy/engine/base.py", line 1910, in _execute_context
    self.dialect.do_execute(
  File "/Users/stephocay/projects/hispuganda/superset/.venv/lib/python3.11/site-packages/sqlalchemy/engine/default.py", line 736, in do_execute
    cursor.execute(statement, parameters)
sqlalchemy.exc.OperationalError: (sqlite3.OperationalError) duplicate column name: is_public_entry
[SQL: ALTER TABLE dashboards ADD COLUMN is_public_entry BOOLEAN]
(Background on this error at: https://sqlalche.me/e/14/e3q8)
